<?xml version="1.0" encoding="UTF-8"?>
<!-- Generated by org.testng.reporters.JUnitReportReporter -->
<testsuite hostname="Bharaths-MacBook-Air.local" name="com.google.apigee.edgecallouts.TestXopHandler" tests="7" failures="0" timestamp="5 Apr 2022 12:09:06 GMT" time="0.699" errors="0">
  <testcase name="parseMessage" time="0.066" classname="com.google.apigee.edgecallouts.TestXopHandler"/>
  <testcase name="withExtractActionMyOwn" time="0.121" classname="com.google.apigee.edgecallouts.TestXopHandler"/>
  <testcase name="withBogusAction" time="0.030" classname="com.google.apigee.edgecallouts.TestXopHandler"/>
  <testcase name="withEmbedAction" time="0.051" classname="com.google.apigee.edgecallouts.TestXopHandler"/>
  <testcase name="unacceptableContentType" time="0.044" classname="com.google.apigee.edgecallouts.TestXopHandler"/>
  <testcase name="withExtractAction" time="0.068" classname="com.google.apigee.edgecallouts.TestXopHandler"/>
  <testcase name="acceptableContentType" time="0.319" classname="com.google.apigee.edgecallouts.TestXopHandler"/>
</testsuite> <!-- com.google.apigee.edgecallouts.TestXopHandler -->
